<!DOCTYPE html PUBLIC "-//W3C//DTD XHTML 1.1//EN" "http://www.w3.org/TR/xhtml11/DTD/xhtml11.dtd">
<html xmlns="http://www.w3.org/1999/xhtml"><head><title>TestNG Report</title><style type="text/css">table {margin-bottom:10px;border-collapse:collapse;empty-cells:show}th,td {border:1px solid #009;padding:.25em .5em}th {vertical-align:bottom}td {vertical-align:top}table a {font-weight:bold}.stripe td {background-color: #E6EBF9}.num {text-align:right}.passedodd td {background-color: #3F3}.passedeven td {background-color: #0A0}.skippedodd td {background-color: #DDD}.skippedeven td {background-color: #CCC}.failedodd td,.attn {background-color: #F33}.failedeven td,.stripe .attn {background-color: #D00}.stacktrace {white-space:pre;font-family:monospace}.totop {font-size:85%;text-align:center;border-bottom:2px solid #000}</style></head><body><table><tr><th>Test</th><th># Passed</th><th># Skipped</th><th># Failed</th><th>Time (ms)</th><th>Included Groups</th><th>Excluded Groups</th></tr><tr><th colspan="7">Practice TestNG</th></tr><tr><td><a href="#t0">Firefox browser Test</a></td><td class="num">0</td><td class="num attn">1</td><td class="num">0</td><td class="num">965</td><td></td><td></td></tr><tr class="stripe"><td><a href="#t1">IE browser Test</a></td><td class="num">0</td><td class="num attn">1</td><td class="num">0</td><td class="num">3,590</td><td></td><td></td></tr><tr><td><a href="#t2">Chrome browser Test</a></td><td class="num">0</td><td class="num attn">1</td><td class="num">0</td><td class="num">4,070</td><td></td><td></td></tr><tr><th>Total</th><th class="num">0</th><th class="num attn">3</th><th class="num">0</th><th class="num">8,625</th><th colspan="2"></th></tr></table><table><thead><tr><th>Class</th><th>Method</th><th>Start</th><th>Time (ms)</th></tr></thead><tbody><tr><th colspan="4">Practice TestNG</th></tr></tbody><tbody id="t0"><tr><th colspan="4">Firefox browser Test &#8212; failed (configuration methods)</th></tr><tr class="failedeven"><td rowspan="1">com.first.pack.Common_property</td><td><a href="#m0">beforeMethod</a></td><td rowspan="1">1494772967249</td><td rowspan="1">0</td></tr><tr><th colspan="4">Firefox browser Test &#8212; skipped</th></tr><tr class="skippedeven"><td rowspan="1">com.first.pack.Common_property</td><td><a href="#m1">browserTest</a></td><td rowspan="1">1494772968048</td><td rowspan="1">2</td></tr></tbody><tbody id="t1"><tr><th colspan="4">IE browser Test &#8212; failed (configuration methods)</th></tr><tr class="failedeven"><td rowspan="1">com.first.pack.Common_property</td><td><a href="#m2">beforeMethod</a></td><td rowspan="1">1494772967405</td><td rowspan="1">0</td></tr><tr><th colspan="4">IE browser Test &#8212; skipped</th></tr><tr class="skippedeven"><td rowspan="1">com.first.pack.Common_property</td><td><a href="#m3">browserTest</a></td><td rowspan="1">1494772970989</td><td rowspan="1">2</td></tr></tbody><tbody id="t2"><tr><th colspan="4">Chrome browser Test &#8212; failed (configuration methods)</th></tr><tr class="failedeven"><td rowspan="1">com.first.pack.Common_property</td><td><a href="#m4">beforeMethod</a></td><td rowspan="1">1494772967386</td><td rowspan="1">0</td></tr><tr><th colspan="4">Chrome browser Test &#8212; skipped</th></tr><tr class="skippedeven"><td rowspan="1">com.first.pack.Common_property</td><td><a href="#m5">browserTest</a></td><td rowspan="1">1494772971438</td><td rowspan="1">3</td></tr></tbody></table><h2>Firefox browser Test</h2><h3 id="m0">com.first.pack.Common_property#beforeMethod</h3><table class="result"><tr class="param"><th>Parameter #1</th></tr><tr class="param stripe"><td>Firefox</td></tr><tr><th>Exception</th></tr><tr><td><div class="stacktrace">java.lang.NoClassDefFoundError: com/google/common/base/Optional
	at org.openqa.selenium.firefox.internal.NewProfileExtensionConnection.loadCustomExtension(NewProfileExtensionConnection.java:151)
	at org.openqa.selenium.firefox.internal.NewProfileExtensionConnection.addWebDriverExtensionIfNeeded(NewProfileExtensionConnection.java:142)
	at org.openqa.selenium.firefox.internal.NewProfileExtensionConnection.start(NewProfileExtensionConnection.java:76)
	at org.openqa.selenium.firefox.FirefoxDriver.startClient(FirefoxDriver.java:271)
	at org.openqa.selenium.remote.RemoteWebDriver.&lt;init&gt;(RemoteWebDriver.java:119)
	at org.openqa.selenium.firefox.FirefoxDriver.&lt;init&gt;(FirefoxDriver.java:216)
	at org.openqa.selenium.firefox.FirefoxDriver.&lt;init&gt;(FirefoxDriver.java:211)
	at org.openqa.selenium.firefox.FirefoxDriver.&lt;init&gt;(FirefoxDriver.java:207)
	at org.openqa.selenium.firefox.FirefoxDriver.&lt;init&gt;(FirefoxDriver.java:120)
	at com.first.pack.Common_property.beforeMethod(Common_property.java:18)
	at java.util.concurrent.FutureTask.run(FutureTask.java:266)
	at java.util.concurrent.ThreadPoolExecutor.runWorker(ThreadPoolExecutor.java:1142)
	at java.util.concurrent.ThreadPoolExecutor$Worker.run(ThreadPoolExecutor.java:617)
	at java.lang.Thread.run(Thread.java:748)
Caused by: java.lang.ClassNotFoundException: com.google.common.base.Optional
	at java.net.URLClassLoader.findClass(URLClassLoader.java:381)
	at java.lang.ClassLoader.loadClass(ClassLoader.java:424)
	at sun.misc.Launcher$AppClassLoader.loadClass(Launcher.java:335)
	at java.lang.ClassLoader.loadClass(ClassLoader.java:357)
	... 32 more
... Removed 18 stack frames</div></td></tr></table><p class="totop"><a href="#summary">back to summary</a></p><h3 id="m1">com.first.pack.Common_property#browserTest</h3><table class="result"></table><p class="totop"><a href="#summary">back to summary</a></p><h2>IE browser Test</h2><h3 id="m2">com.first.pack.Common_property#beforeMethod</h3><table class="result"><tr class="param"><th>Parameter #1</th></tr><tr class="param stripe"><td>ie</td></tr><tr><th>Exception</th></tr><tr><td><div class="stacktrace">java.lang.NoClassDefFoundError: com/google/common/net/MediaType
	at org.openqa.selenium.remote.http.JsonHttpCommandCodec.encode(JsonHttpCommandCodec.java:232)
	at org.openqa.selenium.remote.HttpCommandExecutor.execute(HttpCommandExecutor.java:139)
	at org.openqa.selenium.remote.service.DriverCommandExecutor.execute(DriverCommandExecutor.java:82)
	at org.openqa.selenium.remote.RemoteWebDriver.execute(RemoteWebDriver.java:644)
	at org.openqa.selenium.remote.RemoteWebDriver.startSession(RemoteWebDriver.java:249)
	at org.openqa.selenium.remote.RemoteWebDriver.startSession(RemoteWebDriver.java:234)
	at org.openqa.selenium.ie.InternetExplorerDriver.run(InternetExplorerDriver.java:182)
	at org.openqa.selenium.ie.InternetExplorerDriver.&lt;init&gt;(InternetExplorerDriver.java:174)
	at org.openqa.selenium.ie.InternetExplorerDriver.&lt;init&gt;(InternetExplorerDriver.java:146)
	at com.first.pack.Common_property.beforeMethod(Common_property.java:26)
	at java.util.concurrent.FutureTask.run(FutureTask.java:266)
	at java.util.concurrent.ThreadPoolExecutor.runWorker(ThreadPoolExecutor.java:1142)
	at java.util.concurrent.ThreadPoolExecutor$Worker.run(ThreadPoolExecutor.java:617)
	at java.lang.Thread.run(Thread.java:748)
Caused by: java.lang.ClassNotFoundException: com.google.common.net.MediaType
	at java.net.URLClassLoader.findClass(URLClassLoader.java:381)
	at java.lang.ClassLoader.loadClass(ClassLoader.java:424)
	at sun.misc.Launcher$AppClassLoader.loadClass(Launcher.java:335)
	at java.lang.ClassLoader.loadClass(ClassLoader.java:357)
	... 32 more
... Removed 18 stack frames</div></td></tr></table><p class="totop"><a href="#summary">back to summary</a></p><h3 id="m3">com.first.pack.Common_property#browserTest</h3><table class="result"></table><p class="totop"><a href="#summary">back to summary</a></p><h2>Chrome browser Test</h2><h3 id="m4">com.first.pack.Common_property#beforeMethod</h3><table class="result"><tr class="param"><th>Parameter #1</th></tr><tr class="param stripe"><td>chrome</td></tr><tr><th>Exception</th></tr><tr><td><div class="stacktrace">java.lang.NoClassDefFoundError: com/google/common/net/MediaType
	at org.openqa.selenium.remote.http.JsonHttpCommandCodec.encode(JsonHttpCommandCodec.java:232)
	at org.openqa.selenium.remote.HttpCommandExecutor.execute(HttpCommandExecutor.java:139)
	at org.openqa.selenium.remote.service.DriverCommandExecutor.execute(DriverCommandExecutor.java:82)
	at org.openqa.selenium.remote.RemoteWebDriver.execute(RemoteWebDriver.java:644)
	at org.openqa.selenium.remote.RemoteWebDriver.startSession(RemoteWebDriver.java:249)
	at org.openqa.selenium.remote.RemoteWebDriver.&lt;init&gt;(RemoteWebDriver.java:131)
	at org.openqa.selenium.remote.RemoteWebDriver.&lt;init&gt;(RemoteWebDriver.java:144)
	at org.openqa.selenium.chrome.ChromeDriver.&lt;init&gt;(ChromeDriver.java:170)
	at org.openqa.selenium.chrome.ChromeDriver.&lt;init&gt;(ChromeDriver.java:159)
	at org.openqa.selenium.chrome.ChromeDriver.&lt;init&gt;(ChromeDriver.java:116)
	at com.first.pack.Common_property.beforeMethod(Common_property.java:22)
	at java.util.concurrent.FutureTask.run(FutureTask.java:266)
	at java.util.concurrent.ThreadPoolExecutor.runWorker(ThreadPoolExecutor.java:1142)
	at java.util.concurrent.ThreadPoolExecutor$Worker.run(ThreadPoolExecutor.java:617)
	at java.lang.Thread.run(Thread.java:748)
... Removed 18 stack frames</div></td></tr></table><p class="totop"><a href="#summary">back to summary</a></p><h3 id="m5">com.first.pack.Common_property#browserTest</h3><table class="result"></table><p class="totop"><a href="#summary">back to summary</a></p></body></html>