<html>
<head>
<title>TestNG:  Functional Test</title>
<link href="../testng.css" rel="stylesheet" type="text/css" />
<link href="../my-testng.css" rel="stylesheet" type="text/css" />

<style type="text/css">
.log { display: none;} 
.stack-trace { display: none;} 
</style>
<script type="text/javascript">
<!--
function flip(e) {
  current = e.style.display;
  if (current == 'block') {
    e.style.display = 'none';
    return 0;
  }
  else {
    e.style.display = 'block';
    return 1;
  }
}

function toggleBox(szDivId, elem, msg1, msg2)
{
  var res = -1;  if (document.getElementById) {
    res = flip(document.getElementById(szDivId));
  }
  else if (document.all) {
    // this is the way old msie versions work
    res = flip(document.all[szDivId]);
  }
  if(elem) {
    if(res == 0) elem.innerHTML = msg1; else elem.innerHTML = msg2;
  }

}

function toggleAllBoxes() {
  if (document.getElementsByTagName) {
    d = document.getElementsByTagName('div');
    for (i = 0; i < d.length; i++) {
      if (d[i].className == 'log') {
        flip(d[i]);
      }
    }
  }
}

// -->
</script>

</head>
<body>
<h2 align='center'>Functional Test</h2><table border='1' align="center">
<tr>
<td>Tests passed/Failed/Skipped:</td><td>4/0/3</td>
</tr><tr>
<td>Started on:</td><td>Thu May 04 17:43:31 EDT 2017</td>
</tr>
<tr><td>Total time:</td><td>0 seconds (110 ms)</td>
</tr><tr>
<td>Included groups:</td><td></td>
</tr><tr>
<td>Excluded groups:</td><td></td>
</tr>
</table><p/>
<small><i>(Hover the method name to see the test class name)</i></small><p/>
<table width='100%' border='1' class='invocation-failed'>
<tr><td colspan='4' align='center'><b>FAILED CONFIGURATIONS</b></td></tr>
<tr><td><b>Test method</b></td>
<td width="30%"><b>Exception</b></td>
<td width="10%"><b>Time (seconds)</b></td>
<td><b>Instance</b></td>
</tr>
<tr>
<td title='com.first.pack.Script_RunningClass.beforeMethod()'><b>beforeMethod</b><br>Test class: com.first.pack.Script_RunningClass</td>
<td><div><pre>org.testng.TestNGException: 
Parameter &apos;browser&apos; is required by @Configuration on method beforeMethod but has not been marked @Optional or defined
in C:\usr\development\workspace\Practice TestNG\newSuit.xml
... Removed 23 stack frames</pre></div><a href='#' onClick='toggleBox("stack-trace239465106", this, "Click to show all stack frames", "Click to hide stack frames")'>Click to show all stack frames</a>
<div class='stack-trace' id='stack-trace239465106'><pre>org.testng.TestNGException: 
Parameter &apos;browser&apos; is required by @Configuration on method beforeMethod but has not been marked @Optional or defined
in C:\usr\development\workspace\Practice TestNG\newSuit.xml
	at org.testng.internal.Parameters.createParameters(Parameters.java:154)
	at org.testng.internal.Parameters.createParameters(Parameters.java:361)
	at org.testng.internal.Parameters.createConfigurationParameters(Parameters.java:84)
	at org.testng.internal.Invoker.invokeConfigurations(Invoker.java:201)
	at org.testng.internal.Invoker.invokeMethod(Invoker.java:589)
	at org.testng.internal.Invoker.invokeTestMethod(Invoker.java:820)
	at org.testng.internal.Invoker.invokeTestMethods(Invoker.java:1128)
	at org.testng.internal.TestMethodWorker.invokeTestMethods(TestMethodWorker.java:129)
	at org.testng.internal.TestMethodWorker.run(TestMethodWorker.java:112)
	at org.testng.TestRunner.privateRun(TestRunner.java:782)
	at org.testng.TestRunner.run(TestRunner.java:632)
	at org.testng.SuiteRunner.runTest(SuiteRunner.java:366)
	at org.testng.SuiteRunner.runSequentially(SuiteRunner.java:361)
	at org.testng.SuiteRunner.privateRun(SuiteRunner.java:319)
	at org.testng.SuiteRunner.run(SuiteRunner.java:268)
	at org.testng.SuiteRunnerWorker.runSuite(SuiteRunnerWorker.java:52)
	at org.testng.SuiteRunnerWorker.run(SuiteRunnerWorker.java:86)
	at org.testng.TestNG.runSuitesSequentially(TestNG.java:1244)
	at org.testng.TestNG.runSuitesLocally(TestNG.java:1169)
	at org.testng.TestNG.run(TestNG.java:1064)
	at org.testng.remote.AbstractRemoteTestNG.run(AbstractRemoteTestNG.java:132)
	at org.testng.remote.RemoteTestNG.initAndRun(RemoteTestNG.java:230)
	at org.testng.remote.RemoteTestNG.main(RemoteTestNG.java:76)
</pre></div></td>
<td>0</td>
<td>com.first.pack.Script_RunningClass@4cc0edeb</td></tr>
</table><p>
<table width='100%' border='1' class='invocation-skipped'>
<tr><td colspan='4' align='center'><b>SKIPPED CONFIGURATIONS</b></td></tr>
<tr><td><b>Test method</b></td>
<td width="30%"><b>Exception</b></td>
<td width="10%"><b>Time (seconds)</b></td>
<td><b>Instance</b></td>
</tr>
<tr>
<td title='com.first.pack.Script_RunningClass.beforeMethod()'><b>beforeMethod</b><br>Test class: com.first.pack.Script_RunningClass</td>
<td></td>
<td>0</td>
<td>com.first.pack.Script_RunningClass@4cc0edeb</td></tr>
<tr>
<td title='com.first.pack.Script_RunningClass.beforeMethod()'><b>beforeMethod</b><br>Test class: com.first.pack.Script_RunningClass</td>
<td></td>
<td>0</td>
<td>com.first.pack.Script_RunningClass@4cc0edeb</td></tr>
<tr>
<td title='com.first.pack.Script_RunningClass.afterMethod()'><b>afterMethod</b><br>Test class: com.first.pack.Script_RunningClass</td>
<td></td>
<td>0</td>
<td>com.first.pack.Script_RunningClass@4cc0edeb</td></tr>
<tr>
<td title='com.first.pack.Script_RunningClass.afterMethod()'><b>afterMethod</b><br>Test class: com.first.pack.Script_RunningClass</td>
<td></td>
<td>0</td>
<td>com.first.pack.Script_RunningClass@4cc0edeb</td></tr>
<tr>
<td title='com.first.pack.Script_RunningClass.afterMethod()'><b>afterMethod</b><br>Test class: com.first.pack.Script_RunningClass</td>
<td></td>
<td>0</td>
<td>com.first.pack.Script_RunningClass@4cc0edeb</td></tr>
</table><p>
<table width='100%' border='1' class='invocation-passed'>
<tr><td colspan='4' align='center'><b>PASSED TESTS</b></td></tr>
<tr><td><b>Test method</b></td>
<td width="30%"><b>Exception</b></td>
<td width="10%"><b>Time (seconds)</b></td>
<td><b>Instance</b></td>
</tr>
<tr>
<td title='com.third.pack.Third_class.ThirdClass1()'><b>ThirdClass1</b><br>Test class: com.third.pack.Third_class</td>
<td></td>
<td>0</td>
<td>com.third.pack.Third_class@5c7fa833</td></tr>
<tr>
<td title='com.third.pack.Third_class.ThirdClass3()'><b>ThirdClass3</b><br>Test class: com.third.pack.Third_class</td>
<td></td>
<td>0</td>
<td>com.third.pack.Third_class@5c7fa833</td></tr>
<tr>
<td title='com.second.pack.Second_Class.secondClass1()'><b>secondClass1</b><br>Test class: com.second.pack.Second_Class</td>
<td></td>
<td>0</td>
<td>com.second.pack.Second_Class@457e2f02</td></tr>
<tr>
<td title='com.second.pack.Second_Class.secondClass2()'><b>secondClass2</b><br>Test class: com.second.pack.Second_Class</td>
<td></td>
<td>0</td>
<td>com.second.pack.Second_Class@457e2f02</td></tr>
</table><p>
<table width='100%' border='1' class='invocation-skipped'>
<tr><td colspan='4' align='center'><b>SKIPPED TESTS</b></td></tr>
<tr><td><b>Test method</b></td>
<td width="30%"><b>Exception</b></td>
<td width="10%"><b>Time (seconds)</b></td>
<td><b>Instance</b></td>
</tr>
<tr>
<td title='com.first.pack.Script_RunningClass.firstTest()'><b>firstTest</b><br>Test class: com.first.pack.Script_RunningClass</td>
<td></td>
<td>0</td>
<td>com.first.pack.Script_RunningClass@4cc0edeb</td></tr>
<tr>
<td title='com.first.pack.Script_RunningClass.forthTest()'><b>forthTest</b><br>Test class: com.first.pack.Script_RunningClass</td>
<td></td>
<td>0</td>
<td>com.first.pack.Script_RunningClass@4cc0edeb</td></tr>
<tr>
<td title='com.first.pack.Script_RunningClass.tenTest()'><b>tenTest</b><br>Test class: com.first.pack.Script_RunningClass</td>
<td></td>
<td>0</td>
<td>com.first.pack.Script_RunningClass@4cc0edeb</td></tr>
</table><p>
</body>
</html>