<?xml version="1.0" encoding="UTF-8"?>
<!-- Generated by org.testng.reporters.JUnitXMLReporter -->
<testsuite hostname="User-PC" name="Functional Test" tests="7" failures="0" timestamp="4 May 2017 21:43:31 GMT" time="0.11" errors="0">
  <testcase name="@BeforeMethod beforeMethod" time="0.0" classname="com.first.pack.Script_RunningClass">
    <failure type="org.testng.TestNGException" message="
Parameter &amp;apos;browser&amp;apos; is required by @Configuration on method beforeMethod but has not been marked @Optional or defined
in C:\usr\development\workspace\Practice TestNG\newSuit.xml">
      <![CDATA[org.testng.TestNGException: 
Parameter 'browser' is required by @Configuration on method beforeMethod but has not been marked @Optional or defined
in C:\usr\development\workspace\Practice TestNG\newSuit.xml
... Removed 23 stack frames]]>
    </failure>
  </testcase> <!-- @BeforeMethod beforeMethod -->
  <testcase name="@AfterMethod afterMethod" time="0.0" classname="com.first.pack.Script_RunningClass">
    <skipped/>
  </testcase> <!-- @AfterMethod afterMethod -->
  <testcase name="@BeforeMethod beforeMethod" time="0.0" classname="com.first.pack.Script_RunningClass">
    <skipped/>
  </testcase> <!-- @BeforeMethod beforeMethod -->
  <testcase name="@AfterMethod afterMethod" time="0.0" classname="com.first.pack.Script_RunningClass">
    <skipped/>
  </testcase> <!-- @AfterMethod afterMethod -->
  <testcase name="@BeforeMethod beforeMethod" time="0.0" classname="com.first.pack.Script_RunningClass">
    <skipped/>
  </testcase> <!-- @BeforeMethod beforeMethod -->
  <testcase name="@AfterMethod afterMethod" time="0.0" classname="com.first.pack.Script_RunningClass">
    <skipped/>
  </testcase> <!-- @AfterMethod afterMethod -->
  <testcase name="firstTest" time="0.012" classname="com.first.pack.Script_RunningClass">
    <skipped/>
  </testcase> <!-- firstTest -->
  <testcase name="forthTest" time="0.002" classname="com.first.pack.Script_RunningClass">
    <skipped/>
  </testcase> <!-- forthTest -->
  <testcase name="tenTest" time="0.002" classname="com.first.pack.Script_RunningClass">
    <skipped/>
  </testcase> <!-- tenTest -->
  <testcase name="secondClass1" time="0.007" classname="com.second.pack.Second_Class"/>
  <testcase name="secondClass2" time="0.01" classname="com.second.pack.Second_Class"/>
  <testcase name="ThirdClass1" time="0.001" classname="com.third.pack.Third_class"/>
  <testcase name="ThirdClass3" time="0.002" classname="com.third.pack.Third_class"/>
</testsuite> <!-- Functional Test -->
